<?xml version="1.0" encoding="UTF-8"?>
<testng-results skipped="0" failed="0" total="1" passed="1">
  <reporter-output>
  </reporter-output>
  <suite name="Suite" duration-ms="21352" started-at="2018-08-16T10:09:15Z" finished-at="2018-08-16T10:09:36Z">
    <groups>
    </groups>
    <test name="Test" duration-ms="21352" started-at="2018-08-16T10:09:15Z" finished-at="2018-08-16T10:09:36Z">
      <class name="scripts.SptTest">
        <test-method status="PASS" signature="beforeClass()[pri:0, instance:scripts.SptTest@22f71333]" name="beforeClass" is-config="true" duration-ms="7171" started-at="2018-08-16T15:39:15Z" finished-at="2018-08-16T15:39:22Z">
          <reporter-output>
          </reporter-output>
        </test-method> <!-- beforeClass -->
        <test-method status="PASS" signature="sptLogin()[pri:0, instance:scripts.SptTest@22f71333]" name="sptLogin" duration-ms="11606" started-at="2018-08-16T15:39:22Z" finished-at="2018-08-16T15:39:34Z">
          <reporter-output>
          </reporter-output>
        </test-method> <!-- sptLogin -->
        <test-method status="PASS" signature="afterTest()[pri:0, instance:scripts.SptTest@22f71333]" name="afterTest" is-config="true" duration-ms="2569" started-at="2018-08-16T15:39:34Z" finished-at="2018-08-16T15:39:36Z">
          <reporter-output>
          </reporter-output>
        </test-method> <!-- afterTest -->
      </class> <!-- scripts.SptTest -->
    </test> <!-- Test -->
  </suite> <!-- Suite -->
</testng-results>
