<?xml version="1.0" encoding="UTF-8"?>
<testng-results skipped="0" failed="0" total="1" passed="1">
  <reporter-output>
  </reporter-output>
  <suite name="Suite" duration-ms="22883" started-at="2018-08-17T10:23:56Z" finished-at="2018-08-17T10:24:19Z">
    <groups>
    </groups>
    <test name="Test" duration-ms="22883" started-at="2018-08-17T10:23:56Z" finished-at="2018-08-17T10:24:19Z">
      <class name="scripts.SptTest">
        <test-method status="PASS" signature="beforeClass()[pri:0, instance:scripts.SptTest@6aaa5eb0]" name="beforeClass" is-config="true" duration-ms="6913" started-at="2018-08-17T15:53:56Z" finished-at="2018-08-17T15:54:03Z">
          <reporter-output>
          </reporter-output>
        </test-method> <!-- beforeClass -->
        <test-method status="PASS" signature="sptLogin()[pri:0, instance:scripts.SptTest@6aaa5eb0]" name="sptLogin" duration-ms="13473" started-at="2018-08-17T15:54:03Z" finished-at="2018-08-17T15:54:16Z">
          <reporter-output>
          </reporter-output>
        </test-method> <!-- sptLogin -->
        <test-method status="PASS" signature="afterTest()[pri:0, instance:scripts.SptTest@6aaa5eb0]" name="afterTest" is-config="true" duration-ms="2491" started-at="2018-08-17T15:54:16Z" finished-at="2018-08-17T15:54:19Z">
          <reporter-output>
          </reporter-output>
        </test-method> <!-- afterTest -->
      </class> <!-- scripts.SptTest -->
    </test> <!-- Test -->
  </suite> <!-- Suite -->
</testng-results>
